# JRE version: OpenJDK Runtime Environment Temurin-21.0.8+9 (21.0.8+9) (build 21.0.8+9-LTS)
# Java VM: OpenJDK 64-Bit Server VM Temurin-21.0.8+9 (21.0.8+9-LTS, mixed mode, sharing, tiered, compressed oops, compressed class ptrs, parallel gc, windows-amd64)
GC Precious Log:
 CardTable entry size: 512
 CPUs: 12 total, 12 available
 Memory: 5702M
 Large Page Support: Disabled
 NUMA Support: Disabled
 Compressed Oops: Enabled (32-bit)
 Alignments: Space 512K, Generation 512K, Heap 2M
 Heap Min Capacity: 100M
 Heap Initial Capacity: 100M
 Heap Max Capacity: 2G
 Pre-touch: Disabled
 Parallel Workers: 10
Heap:
 PSYoungGen      total 3072K, used 946K [0x00000000d5580000, 0x00000000d5900000, 0x0000000100000000)
  eden space 2560K, 30% used [0x00000000d5580000,0x00000000d5644980,0x00000000d5800000)
  from space 512K, 31% used [0x00000000d5800000,0x00000000d5828000,0x00000000d5880000)
  to   space 512K, 0% used [0x00000000d5880000,0x00000000d5880000,0x00000000d5900000)
 ParOldGen       total 409088K, used 365460K [0x0000000080000000, 0x0000000098f80000, 0x00000000d5580000)
  object space 409088K, 89% used [0x0000000080000000,0x00000000964e52b8,0x0000000098f80000)
 Metaspace       used 71506K, committed 73024K, reserved 1114112K
  class space    used 7558K, committed 8192K, reserved 1048576K
GC Heap History (20 events):
Event: 94.765 GC heap before
{Heap before GC invocations=671 (full 3):
 PSYoungGen      total 3584K, used 3360K [0x00000000d5580000, 0x00000000d5a00000, 0x0000000100000000)
  eden space 3072K, 100% used [0x00000000d5580000,0x00000000d5880000,0x00000000d5880000)
  from space 512K, 56% used [0x00000000d5900000,0x00000000d5948000,0x00000000d5980000)
  to   space 512K, 0% used [0x00000000d5980000,0x00000000d5980000,0x00000000d5a00000)
 ParOldGen       total 409088K, used 354838K [0x0000000080000000, 0x0000000098f80000, 0x00000000d5580000)
  object space 409088K, 86% used [0x0000000080000000,0x0000000095a859b8,0x0000000098f80000)
 Metaspace       used 71490K, committed 72960K, reserved 1114112K
  class space    used 7558K, committed 8192K, reserved 1048576K
}
Event: 94.772 GC heap after
{Heap after GC invocations=671 (full 3):
 PSYoungGen      total 2560K, used 486K [0x00000000d5580000, 0x00000000d5c80000, 0x0000000100000000)
  eden space 2048K, 0% used [0x00000000d5580000,0x00000000d5580000,0x00000000d5780000)
  from space 512K, 95% used [0x00000000d5980000,0x00000000d59f9a88,0x00000000d5a00000)
  to   space 2048K, 0% used [0x00000000d5780000,0x00000000d5780000,0x00000000d5980000)
 ParOldGen       total 409088K, used 356037K [0x0000000080000000, 0x0000000098f80000, 0x00000000d5580000)
  object space 409088K, 87% used [0x0000000080000000,0x0000000095bb1440,0x0000000098f80000)
 Metaspace       used 71490K, committed 72960K, reserved 1114112K
  class space    used 7558K, committed 8192K, reserved 1048576K
}
Event: 94.814 GC heap before
{Heap before GC invocations=672 (full 3):
 PSYoungGen      total 2560K, used 2534K [0x00000000d5580000, 0x00000000d5c80000, 0x0000000100000000)
  eden space 2048K, 100% used [0x00000000d5580000,0x00000000d5780000,0x00000000d5780000)
  from space 512K, 95% used [0x00000000d5980000,0x00000000d59f9a88,0x00000000d5a00000)
  to   space 2048K, 0% used [0x00000000d5780000,0x00000000d5780000,0x00000000d5980000)
 ParOldGen       total 409088K, used 356037K [0x0000000080000000, 0x0000000098f80000, 0x00000000d5580000)
  object space 409088K, 87% used [0x0000000080000000,0x0000000095bb1440,0x0000000098f80000)
 Metaspace       used 71490K, committed 72960K, reserved 1114112K
  class space    used 7558K, committed 8192K, reserved 1048576K
}
Event: 94.819 GC heap after
{Heap after GC invocations=672 (full 3):
 PSYoungGen      total 4096K, used 2048K [0x00000000d5580000, 0x00000000d5d80000, 0x0000000100000000)
  eden space 2048K, 0% used [0x00000000d5580000,0x00000000d5580000,0x00000000d5780000)
  from space 2048K, 100% used [0x00000000d5780000,0x00000000d5980000,0x00000000d5980000)
  to   space 3072K, 0% used [0x00000000d5a80000,0x00000000d5a80000,0x00000000d5d80000)
 ParOldGen       total 409088K, used 356555K [0x0000000080000000, 0x0000000098f80000, 0x00000000d5580000)
  object space 409088K, 87% used [0x0000000080000000,0x0000000095c32ee8,0x0000000098f80000)
 Metaspace       used 71490K, committed 72960K, reserved 1114112K
  class space    used 7558K, committed 8192K, reserved 1048576K
}
Event: 94.850 GC heap before
{Heap before GC invocations=673 (full 3):
 PSYoungGen      total 4096K, used 3998K [0x00000000d5580000, 0x00000000d5d80000, 0x0000000100000000)
  eden space 2048K, 95% used [0x00000000d5580000,0x00000000d5767928,0x00000000d5780000)
  from space 2048K, 100% used [0x00000000d5780000,0x00000000d5980000,0x00000000d5980000)
  to   space 3072K, 0% used [0x00000000d5a80000,0x00000000d5a80000,0x00000000d5d80000)
 ParOldGen       total 409088K, used 356555K [0x0000000080000000, 0x0000000098f80000, 0x00000000d5580000)
  object space 409088K, 87% used [0x0000000080000000,0x0000000095c32ee8,0x0000000098f80000)
 Metaspace       used 71490K, committed 72960K, reserved 1114112K
  class space    used 7558K, committed 8192K, reserved 1048576K
}
Event: 94.865 GC heap after
{Heap after GC invocations=673 (full 3):
 PSYoungGen      total 4096K, used 1896K [0x00000000d5580000, 0x00000000d5c80000, 0x0000000100000000)
  eden space 2048K, 0% used [0x00000000d5580000,0x00000000d5580000,0x00000000d5780000)
  from space 2048K, 92% used [0x00000000d5a80000,0x00000000d5c5a000,0x00000000d5c80000)
  to   space 2560K, 0% used [0x00000000d5780000,0x00000000d5780000,0x00000000d5a00000)
 ParOldGen       total 409088K, used 358611K [0x0000000080000000, 0x0000000098f80000, 0x00000000d5580000)
  object space 409088K, 87% used [0x0000000080000000,0x0000000095e34ee8,0x0000000098f80000)
 Metaspace       used 71490K, committed 72960K, reserved 1114112K
  class space    used 7558K, committed 8192K, reserved 1048576K
}
Event: 94.891 GC heap before
{Heap before GC invocations=674 (full 3):
 PSYoungGen      total 4096K, used 3944K [0x00000000d5580000, 0x00000000d5c80000, 0x0000000100000000)
  eden space 2048K, 100% used [0x00000000d5580000,0x00000000d5780000,0x00000000d5780000)
  from space 2048K, 92% used [0x00000000d5a80000,0x00000000d5c5a000,0x00000000d5c80000)
  to   space 2560K, 0% used [0x00000000d5780000,0x00000000d5780000,0x00000000d5a00000)
 ParOldGen       total 409088K, used 358611K [0x0000000080000000, 0x0000000098f80000, 0x00000000d5580000)
  object space 409088K, 87% used [0x0000000080000000,0x0000000095e34ee8,0x0000000098f80000)
 Metaspace       used 71490K, committed 72960K, reserved 1114112K
  class space    used 7558K, committed 8192K, reserved 1048576K
}
Event: 94.903 GC heap after
{Heap after GC invocations=674 (full 3):
 PSYoungGen      total 4096K, used 1880K [0x00000000d5580000, 0x00000000d5b80000, 0x0000000100000000)
  eden space 2048K, 0% used [0x00000000d5580000,0x00000000d5580000,0x00000000d5780000)
  from space 2048K, 91% used [0x00000000d5780000,0x00000000d59563d0,0x00000000d5980000)
  to   space 2048K, 0% used [0x00000000d5980000,0x00000000d5980000,0x00000000d5b80000)
 ParOldGen       total 409088K, used 360235K [0x0000000080000000, 0x0000000098f80000, 0x00000000d5580000)
  object space 409088K, 88% used [0x0000000080000000,0x0000000095fcaee8,0x0000000098f80000)
 Metaspace       used 71490K, committed 72960K, reserved 1114112K
  class space    used 7558K, committed 8192K, reserved 1048576K
}
Event: 94.923 GC heap before
{Heap before GC invocations=675 (full 3):
 PSYoungGen      total 4096K, used 3928K [0x00000000d5580000, 0x00000000d5b80000, 0x0000000100000000)
  eden space 2048K, 100% used [0x00000000d5580000,0x00000000d5780000,0x00000000d5780000)
  from space 2048K, 91% used [0x00000000d5780000,0x00000000d59563d0,0x00000000d5980000)
  to   space 2048K, 0% used [0x00000000d5980000,0x00000000d5980000,0x00000000d5b80000)
 ParOldGen       total 409088K, used 360235K [0x0000000080000000, 0x0000000098f80000, 0x00000000d5580000)
  object space 409088K, 88% used [0x0000000080000000,0x0000000095fcaee8,0x0000000098f80000)
 Metaspace       used 71490K, committed 72960K, reserved 1114112K
  class space    used 7558K, committed 8192K, reserved 1048576K
}
Event: 94.933 GC heap after
{Heap after GC invocations=675 (full 3):
 PSYoungGen      total 2560K, used 2048K [0x00000000d5580000, 0x00000000d6100000, 0x0000000100000000)
  eden space 512K, 0% used [0x00000000d5580000,0x00000000d5580000,0x00000000d5600000)
  from space 2048K, 100% used [0x00000000d5980000,0x00000000d5b80000,0x00000000d5b80000)
  to   space 3584K, 0% used [0x00000000d5600000,0x00000000d5600000,0x00000000d5980000)
 ParOldGen       total 409088K, used 362020K [0x0000000080000000, 0x0000000098f80000, 0x00000000d5580000)
  object space 409088K, 88% used [0x0000000080000000,0x00000000961892b8,0x0000000098f80000)
 Metaspace       used 71490K, committed 72960K, reserved 1114112K
  class space    used 7558K, committed 8192K, reserved 1048576K
}
Event: 94.940 GC heap before
{Heap before GC invocations=676 (full 3):
 PSYoungGen      total 2560K, used 2560K [0x00000000d5580000, 0x00000000d6100000, 0x0000000100000000)
  eden space 512K, 100% used [0x00000000d5580000,0x00000000d5600000,0x00000000d5600000)
  from space 2048K, 100% used [0x00000000d5980000,0x00000000d5b80000,0x00000000d5b80000)
  to   space 3584K, 0% used [0x00000000d5600000,0x00000000d5600000,0x00000000d5980000)
 ParOldGen       total 409088K, used 362020K [0x0000000080000000, 0x0000000098f80000, 0x00000000d5580000)
  object space 409088K, 88% used [0x0000000080000000,0x00000000961892b8,0x0000000098f80000)
 Metaspace       used 71490K, committed 72960K, reserved 1114112K
  class space    used 7558K, committed 8192K, reserved 1048576K
}
Event: 94.949 GC heap after
{Heap after GC invocations=676 (full 3):
 PSYoungGen      total 1536K, used 597K [0x00000000d5580000, 0x00000000d5a80000, 0x0000000100000000)
  eden space 512K, 0% used [0x00000000d5580000,0x00000000d5580000,0x00000000d5600000)
  from space 1024K, 58% used [0x00000000d5600000,0x00000000d5695400,0x00000000d5700000)
  to   space 2048K, 0% used [0x00000000d5880000,0x00000000d5880000,0x00000000d5a80000)
 ParOldGen       total 409088K, used 364076K [0x0000000080000000, 0x0000000098f80000, 0x00000000d5580000)
  object space 409088K, 88% used [0x0000000080000000,0x000000009638b2b8,0x0000000098f80000)
 Metaspace       used 71490K, committed 72960K, reserved 1114112K
  class space    used 7558K, committed 8192K, reserved 1048576K
}
Event: 94.951 GC heap before
{Heap before GC invocations=677 (full 3):
 PSYoungGen      total 1536K, used 1109K [0x00000000d5580000, 0x00000000d5a80000, 0x0000000100000000)
  eden space 512K, 100% used [0x00000000d5580000,0x00000000d5600000,0x00000000d5600000)
  from space 1024K, 58% used [0x00000000d5600000,0x00000000d5695400,0x00000000d5700000)
  to   space 2048K, 0% used [0x00000000d5880000,0x00000000d5880000,0x00000000d5a80000)
 ParOldGen       total 409088K, used 364076K [0x0000000080000000, 0x0000000098f80000, 0x00000000d5580000)
  object space 409088K, 88% used [0x0000000080000000,0x000000009638b2b8,0x0000000098f80000)
 Metaspace       used 71490K, committed 72960K, reserved 1114112K
  class space    used 7558K, committed 8192K, reserved 1048576K
}
Event: 94.954 GC heap after
{Heap after GC invocations=677 (full 3):
 PSYoungGen      total 2048K, used 584K [0x00000000d5580000, 0x00000000d5980000, 0x0000000100000000)
  eden space 1024K, 0% used [0x00000000d5580000,0x00000000d5580000,0x00000000d5680000)
  from space 1024K, 57% used [0x00000000d5880000,0x00000000d5912000,0x00000000d5980000)
  to   space 1024K, 0% used [0x00000000d5780000,0x00000000d5780000,0x00000000d5880000)
 ParOldGen       total 409088K, used 364516K [0x0000000080000000, 0x0000000098f80000, 0x00000000d5580000)
  object space 409088K, 89% used [0x0000000080000000,0x00000000963f92b8,0x0000000098f80000)
 Metaspace       used 71490K, committed 72960K, reserved 1114112K
  class space    used 7558K, committed 8192K, reserved 1048576K
}
Event: 94.984 GC heap before
{Heap before GC invocations=678 (full 3):
 PSYoungGen      total 2048K, used 1608K [0x00000000d5580000, 0x00000000d5980000, 0x0000000100000000)
  eden space 1024K, 100% used [0x00000000d5580000,0x00000000d5680000,0x00000000d5680000)
  from space 1024K, 57% used [0x00000000d5880000,0x00000000d5912000,0x00000000d5980000)
  to   space 1024K, 0% used [0x00000000d5780000,0x00000000d5780000,0x00000000d5880000)
 ParOldGen       total 409088K, used 364516K [0x0000000080000000, 0x0000000098f80000, 0x00000000d5580000)
  object space 409088K, 89% used [0x0000000080000000,0x00000000963f92b8,0x0000000098f80000)
 Metaspace       used 71498K, committed 72960K, reserved 1114112K
  class space    used 7558K, committed 8192K, reserved 1048576K
}
Event: 94.987 GC heap after
{Heap after GC invocations=678 (full 3):
 PSYoungGen      total 2560K, used 864K [0x00000000d5580000, 0x00000000d5900000, 0x0000000100000000)
  eden space 1536K, 0% used [0x00000000d5580000,0x00000000d5580000,0x00000000d5700000)
  from space 1024K, 84% used [0x00000000d5780000,0x00000000d5858010,0x00000000d5880000)
  to   space 512K, 0% used [0x00000000d5880000,0x00000000d5880000,0x00000000d5900000)
 ParOldGen       total 409088K, used 364820K [0x0000000080000000, 0x0000000098f80000, 0x00000000d5580000)
  object space 409088K, 89% used [0x0000000080000000,0x00000000964452b8,0x0000000098f80000)
 Metaspace       used 71498K, committed 72960K, reserved 1114112K
  class space    used 7558K, committed 8192K, reserved 1048576K
}
Event: 94.994 GC heap before
{Heap before GC invocations=679 (full 3):
 PSYoungGen      total 2560K, used 2394K [0x00000000d5580000, 0x00000000d5900000, 0x0000000100000000)
  eden space 1536K, 99% used [0x00000000d5580000,0x00000000d56fea78,0x00000000d5700000)
  from space 1024K, 84% used [0x00000000d5780000,0x00000000d5858010,0x00000000d5880000)
  to   space 512K, 0% used [0x00000000d5880000,0x00000000d5880000,0x00000000d5900000)
 ParOldGen       total 409088K, used 364820K [0x0000000080000000, 0x0000000098f80000, 0x00000000d5580000)
  object space 409088K, 89% used [0x0000000080000000,0x00000000964452b8,0x0000000098f80000)
 Metaspace       used 71498K, committed 72960K, reserved 1114112K
  class space    used 7558K, committed 8192K, reserved 1048576K
}
Event: 95.000 GC heap after
{Heap after GC invocations=679 (full 3):
 PSYoungGen      total 2560K, used 192K [0x00000000d5580000, 0x00000000d5900000, 0x0000000100000000)
  eden space 2048K, 0% used [0x00000000d5580000,0x00000000d5580000,0x00000000d5780000)
  from space 512K, 37% used [0x00000000d5880000,0x00000000d58b0000,0x00000000d5900000)
  to   space 512K, 0% used [0x00000000d5800000,0x00000000d5800000,0x00000000d5880000)
 ParOldGen       total 409088K, used 365436K [0x0000000080000000, 0x0000000098f80000, 0x00000000d5580000)
  object space 409088K, 89% used [0x0000000080000000,0x00000000964df2b8,0x0000000098f80000)
 Metaspace       used 71498K, committed 72960K, reserved 1114112K
  class space    used 7558K, committed 8192K, reserved 1048576K
}
Event: 95.174 GC heap before
{Heap before GC invocations=680 (full 3):
 PSYoungGen      total 2560K, used 2239K [0x00000000d5580000, 0x00000000d5900000, 0x0000000100000000)
  eden space 2048K, 99% used [0x00000000d5580000,0x00000000d577fff0,0x00000000d5780000)
  from space 512K, 37% used [0x00000000d5880000,0x00000000d58b0000,0x00000000d5900000)
  to   space 512K, 0% used [0x00000000d5800000,0x00000000d5800000,0x00000000d5880000)
 ParOldGen       total 409088K, used 365436K [0x0000000080000000, 0x0000000098f80000, 0x00000000d5580000)
  object space 409088K, 89% used [0x0000000080000000,0x00000000964df2b8,0x0000000098f80000)
 Metaspace       used 71502K, committed 72960K, reserved 1114112K
  class space    used 7558K, committed 8192K, reserved 1048576K
}
Event: 95.176 GC heap after
{Heap after GC invocations=680 (full 3):
 PSYoungGen      total 3072K, used 160K [0x00000000d5580000, 0x00000000d5900000, 0x0000000100000000)
  eden space 2560K, 0% used [0x00000000d5580000,0x00000000d5580000,0x00000000d5800000)
  from space 512K, 31% used [0x00000000d5800000,0x00000000d5828000,0x00000000d5880000)
  to   space 512K, 0% used [0x00000000d5880000,0x00000000d5880000,0x00000000d5900000)
 ParOldGen       total 409088K, used 365460K [0x0000000080000000, 0x0000000098f80000, 0x00000000d5580000)
  object space 409088K, 89% used [0x0000000080000000,0x00000000964e52b8,0x0000000098f80000)
 Metaspace       used 71502K, committed 72960K, reserved 1114112K
  class space    used 7558K, committed 8192K, reserved 1048576K
}

